0 info it worked if it ends with ok
1 verbose cli [ 'C:\\Program Files\\nodejs\\node.exe',
1 verbose cli   'C:\\Program Files\\nodejs\\node_modules\\npm\\bin\\npm-cli.js',
1 verbose cli   'install',
1 verbose cli   'express',
1 verbose cli   'jade',
1 verbose cli   'moment',
1 verbose cli   'mongoose' ]
2 info using npm@3.10.10
3 info using node@v6.10.2
4 silly loadCurrentTree Starting
5 silly install loadCurrentTree
6 silly install readLocalPackageData
7 silly fetchPackageMetaData express
8 silly fetchPackageMetaData jade
9 silly fetchPackageMetaData moment
10 silly fetchPackageMetaData mongoose
11 silly fetchNamedPackageData express
12 silly mapToRegistry name express
13 silly mapToRegistry using default registry
14 silly mapToRegistry registry https://registry.npmjs.org/
15 silly mapToRegistry data Result {
15 silly mapToRegistry   raw: 'express',
15 silly mapToRegistry   scope: null,
15 silly mapToRegistry   escapedName: 'express',
15 silly mapToRegistry   name: 'express',
15 silly mapToRegistry   rawSpec: '',
15 silly mapToRegistry   spec: 'latest',
15 silly mapToRegistry   type: 'tag' }
16 silly mapToRegistry uri https://registry.npmjs.org/express
17 silly fetchNamedPackageData jade
18 silly mapToRegistry name jade
19 silly mapToRegistry using default registry
20 silly mapToRegistry registry https://registry.npmjs.org/
21 silly mapToRegistry data Result {
21 silly mapToRegistry   raw: 'jade',
21 silly mapToRegistry   scope: null,
21 silly mapToRegistry   escapedName: 'jade',
21 silly mapToRegistry   name: 'jade',
21 silly mapToRegistry   rawSpec: '',
21 silly mapToRegistry   spec: 'latest',
21 silly mapToRegistry   type: 'tag' }
22 silly mapToRegistry uri https://registry.npmjs.org/jade
23 silly fetchNamedPackageData moment
24 silly mapToRegistry name moment
25 silly mapToRegistry using default registry
26 silly mapToRegistry registry https://registry.npmjs.org/
27 silly mapToRegistry data Result {
27 silly mapToRegistry   raw: 'moment',
27 silly mapToRegistry   scope: null,
27 silly mapToRegistry   escapedName: 'moment',
27 silly mapToRegistry   name: 'moment',
27 silly mapToRegistry   rawSpec: '',
27 silly mapToRegistry   spec: 'latest',
27 silly mapToRegistry   type: 'tag' }
28 silly mapToRegistry uri https://registry.npmjs.org/moment
29 silly fetchNamedPackageData mongoose
30 silly mapToRegistry name mongoose
31 silly mapToRegistry using default registry
32 silly mapToRegistry registry https://registry.npmjs.org/
33 silly mapToRegistry data Result {
33 silly mapToRegistry   raw: 'mongoose',
33 silly mapToRegistry   scope: null,
33 silly mapToRegistry   escapedName: 'mongoose',
33 silly mapToRegistry   name: 'mongoose',
33 silly mapToRegistry   rawSpec: '',
33 silly mapToRegistry   spec: 'latest',
33 silly mapToRegistry   type: 'tag' }
34 silly mapToRegistry uri https://registry.npmjs.org/mongoose
35 verbose request uri https://registry.npmjs.org/express
36 verbose request no auth needed
37 info attempt registry request try #1 at 22:19:12
38 verbose request id abb549f79caeaed6
39 verbose etag W/"590c4bfd-8bdd2"
40 verbose lastModified Fri, 05 May 2017 09:55:09 GMT
41 http request GET https://registry.npmjs.org/express
42 verbose request uri https://registry.npmjs.org/jade
43 verbose request no auth needed
44 info attempt registry request try #1 at 22:19:13
45 http request GET https://registry.npmjs.org/jade
46 verbose request uri https://registry.npmjs.org/mongoose
47 verbose request no auth needed
48 info attempt registry request try #1 at 22:19:13
49 http request GET https://registry.npmjs.org/mongoose
50 verbose request uri https://registry.npmjs.org/moment
51 verbose request no auth needed
52 info attempt registry request try #1 at 22:19:13
53 verbose etag W/"587bed55-1a223"
54 verbose lastModified Sun, 15 Jan 2017 21:44:53 GMT
55 http request GET https://registry.npmjs.org/moment
56 http 200 https://registry.npmjs.org/moment
57 verbose headers { server: 'nginx/1.10.1',
57 verbose headers   'content-type': 'application/json',
57 verbose headers   'last-modified': 'Fri, 05 May 2017 09:55:56 GMT',
57 verbose headers   etag: 'W/"590c4c2c-1bf07"',
57 verbose headers   'content-encoding': 'gzip',
57 verbose headers   'cache-control': 'max-age=300',
57 verbose headers   'content-length': '12607',
57 verbose headers   'accept-ranges': 'bytes',
57 verbose headers   date: 'Fri, 05 May 2017 14:19:15 GMT',
57 verbose headers   via: '1.1 varnish',
57 verbose headers   age: '167',
57 verbose headers   connection: 'keep-alive',
57 verbose headers   'x-served-by': 'cache-nrt6134-NRT',
57 verbose headers   'x-cache': 'HIT',
57 verbose headers   'x-cache-hits': '1',
57 verbose headers   'x-timer': 'S1493993955.068506,VS0,VE10',
57 verbose headers   vary: 'Accept-Encoding' }
58 silly get cb [ 200,
58 silly get   { server: 'nginx/1.10.1',
58 silly get     'content-type': 'application/json',
58 silly get     'last-modified': 'Fri, 05 May 2017 09:55:56 GMT',
58 silly get     etag: 'W/"590c4c2c-1bf07"',
58 silly get     'content-encoding': 'gzip',
58 silly get     'cache-control': 'max-age=300',
58 silly get     'content-length': '12607',
58 silly get     'accept-ranges': 'bytes',
58 silly get     date: 'Fri, 05 May 2017 14:19:15 GMT',
58 silly get     via: '1.1 varnish',
58 silly get     age: '167',
58 silly get     connection: 'keep-alive',
58 silly get     'x-served-by': 'cache-nrt6134-NRT',
58 silly get     'x-cache': 'HIT',
58 silly get     'x-cache-hits': '1',
58 silly get     'x-timer': 'S1493993955.068506,VS0,VE10',
58 silly get     vary: 'Accept-Encoding' } ]
59 verbose get saving moment to C:\Users\Administrator\AppData\Roaming\npm-cache\registry.npmjs.org\moment\.cache.json
60 verbose correctMkdir C:\Users\Administrator\AppData\Roaming\npm-cache correctMkdir not in flight; initializing
61 http 200 https://registry.npmjs.org/jade
62 verbose headers { server: 'nginx/1.10.3',
62 verbose headers   'content-type': 'application/json',
62 verbose headers   'last-modified': 'Thu, 27 Apr 2017 08:38:36 GMT',
62 verbose headers   etag: 'W/"5901ae0c-27b3b"',
62 verbose headers   'content-encoding': 'gzip',
62 verbose headers   'cache-control': 'max-age=300',
62 verbose headers   'content-length': '15774',
62 verbose headers   'accept-ranges': 'bytes',
62 verbose headers   date: 'Fri, 05 May 2017 14:19:15 GMT',
62 verbose headers   via: '1.1 varnish',
62 verbose headers   age: '0',
62 verbose headers   connection: 'keep-alive',
62 verbose headers   'x-served-by': 'cache-nrt6131-NRT',
62 verbose headers   'x-cache': 'HIT',
62 verbose headers   'x-cache-hits': '1',
62 verbose headers   'x-timer': 'S1493993955.015573,VS0,VE408',
62 verbose headers   vary: 'Accept-Encoding' }
63 silly get cb [ 200,
63 silly get   { server: 'nginx/1.10.3',
63 silly get     'content-type': 'application/json',
63 silly get     'last-modified': 'Thu, 27 Apr 2017 08:38:36 GMT',
63 silly get     etag: 'W/"5901ae0c-27b3b"',
63 silly get     'content-encoding': 'gzip',
63 silly get     'cache-control': 'max-age=300',
63 silly get     'content-length': '15774',
63 silly get     'accept-ranges': 'bytes',
63 silly get     date: 'Fri, 05 May 2017 14:19:15 GMT',
63 silly get     via: '1.1 varnish',
63 silly get     age: '0',
63 silly get     connection: 'keep-alive',
63 silly get     'x-served-by': 'cache-nrt6131-NRT',
63 silly get     'x-cache': 'HIT',
63 silly get     'x-cache-hits': '1',
63 silly get     'x-timer': 'S1493993955.015573,VS0,VE408',
63 silly get     vary: 'Accept-Encoding' } ]
64 verbose get saving jade to C:\Users\Administrator\AppData\Roaming\npm-cache\registry.npmjs.org\jade\.cache.json
65 verbose correctMkdir C:\Users\Administrator\AppData\Roaming\npm-cache correctMkdir not in flight; initializing
66 http 200 https://registry.npmjs.org/mongoose
67 verbose headers { server: 'nginx/1.10.1',
67 verbose headers   'content-type': 'application/json',
67 verbose headers   'last-modified': 'Fri, 05 May 2017 05:32:14 GMT',
67 verbose headers   etag: 'W/"590c0e5e-91841"',
67 verbose headers   'content-encoding': 'gzip',
67 verbose headers   'cache-control': 'max-age=300',
67 verbose headers   'content-length': '44177',
67 verbose headers   'accept-ranges': 'bytes',
67 verbose headers   date: 'Fri, 05 May 2017 14:19:21 GMT',
67 verbose headers   via: '1.1 varnish',
67 verbose headers   age: '107',
67 verbose headers   connection: 'keep-alive',
67 verbose headers   'x-served-by': 'cache-nrt6121-NRT',
67 verbose headers   'x-cache': 'HIT',
67 verbose headers   'x-cache-hits': '1',
67 verbose headers   'x-timer': 'S1493993962.836737,VS0,VE0',
67 verbose headers   vary: 'Accept-Encoding' }
68 silly get cb [ 200,
68 silly get   { server: 'nginx/1.10.1',
68 silly get     'content-type': 'application/json',
68 silly get     'last-modified': 'Fri, 05 May 2017 05:32:14 GMT',
68 silly get     etag: 'W/"590c0e5e-91841"',
68 silly get     'content-encoding': 'gzip',
68 silly get     'cache-control': 'max-age=300',
68 silly get     'content-length': '44177',
68 silly get     'accept-ranges': 'bytes',
68 silly get     date: 'Fri, 05 May 2017 14:19:21 GMT',
68 silly get     via: '1.1 varnish',
68 silly get     age: '107',
68 silly get     connection: 'keep-alive',
68 silly get     'x-served-by': 'cache-nrt6121-NRT',
68 silly get     'x-cache': 'HIT',
68 silly get     'x-cache-hits': '1',
68 silly get     'x-timer': 'S1493993962.836737,VS0,VE0',
68 silly get     vary: 'Accept-Encoding' } ]
69 verbose get saving mongoose to C:\Users\Administrator\AppData\Roaming\npm-cache\registry.npmjs.org\mongoose\.cache.json
70 verbose correctMkdir C:\Users\Administrator\AppData\Roaming\npm-cache correctMkdir not in flight; initializing
71 verbose stack Error: kill ENOSYS
71 verbose stack     at exports._errnoException (util.js:1018:11)
71 verbose stack     at process.kill (internal/process.js:190:13)
71 verbose stack     at process.listener (C:\Program Files\nodejs\node_modules\npm\node_modules\npmlog\node_modules\gauge\node_modules\signal-exit\index.js:86:15)
71 verbose stack     at emitNone (events.js:91:20)
71 verbose stack     at process.emit (events.js:185:7)
71 verbose stack     at processEmit (C:\Program Files\nodejs\node_modules\npm\node_modules\npmlog\node_modules\gauge\node_modules\signal-exit\index.js:146:32)
71 verbose stack     at processEmit (C:\Program Files\nodejs\node_modules\npm\node_modules\npm-registry-client\node_modules\npmlog\node_modules\gauge\node_modules\signal-exit\index.js:146:32)
71 verbose stack     at Signal.wrap.onsignal (internal/process.js:217:44)
72 verbose cwd E:\www\pra\learngit\Nodejs\modeMoive\movie
73 error Windows_NT 10.0.14393
74 error argv "C:\\Program Files\\nodejs\\node.exe" "C:\\Program Files\\nodejs\\node_modules\\npm\\bin\\npm-cli.js" "install" "express" "jade" "moment" "mongoose"
75 error node v6.10.2
76 error npm  v3.10.10
77 error code ENOSYS
78 error errno ENOSYS
79 error syscall kill
80 error kill ENOSYS
81 error If you need help, you may report this error at:
81 error     <https://github.com/npm/npm/issues>
82 verbose exit [ 1, true ]
